Detecting C compiler ABI info failed to compile with the following output:
Change Dir: D:/user/Robin/_APPS/Stem_coach_v2/sample_project/build/CMakeFiles/CMakeTmp

Run Build Command(s):C:/Program Files (x86)/Microsoft Visual Studio/2019/Community/MSBuild/Current/Bin/MSBuild.exe cmTC_dd9b4.vcxproj /p:Configuration=Debug /p:Platform=x64 /p:VisualStudioVersion=16.0 /v:m && Microsoft (R) Build Engine version 16.8.2+25e4d540b for .NET Framework
Copyright (C) Microsoft Corporation. All rights reserved.

  Microsoft (R) C/C++ Optimizing Compiler Version 19.28.29334 for x64
  Copyright (C) Microsoft Corporation.  All rights reserved.
  cl /c /W1 /WX- /diagnostics:column /O2 /D _MBCS /D "CMAKE_INTDIR=\"Debug\"" /Gm- /MD /GS /fp:precise /Zc:wchar_t /Zc:forScope /Zc:inline /Fo"cmTC_dd9b4.dir\Debug\\" /Fd"cmTC_dd9b4.dir\Debug\vc142.pdb" /Gd /TC /errorReport:queue  -mlongcalls -Wno-frame-address "D:\user\Robin\.espressif\tools\cmake\3.24.0\share\cmake-3.24\Modules\CMakeCCompilerABI.c"
cl : command line error D8021: invalid numeric argument '/Wno-frame-address' [D:\user\Robin\_APPS\Stem_coach_v2\sample_project\build\CMakeFiles\CMakeTmp\cmTC_dd9b4.vcxproj]




Determining if the C compiler works failed with the following output:
Change Dir: D:/user/Robin/_APPS/Stem_coach_v2/sample_project/build/CMakeFiles/CMakeTmp

Run Build Command(s):C:/Program Files (x86)/Microsoft Visual Studio/2019/Community/MSBuild/Current/Bin/MSBuild.exe cmTC_1323d.vcxproj /p:Configuration=Debug /p:Platform=x64 /p:VisualStudioVersion=16.0 /v:m && Microsoft (R) Build Engine version 16.8.2+25e4d540b for .NET Framework
Copyright (C) Microsoft Corporation. All rights reserved.

  Microsoft (R) C/C++ Optimizing Compiler Version 19.28.29334 for x64
  Copyright (C) Microsoft Corporation.  All rights reserved.
  cl /c /W1 /WX- /diagnostics:column /O2 /D _MBCS /D "CMAKE_INTDIR=\"Debug\"" /Gm- /MD /GS /fp:precise /Zc:wchar_t /Zc:forScope /Zc:inline /Fo"cmTC_1323d.dir\Debug\\" /Fd"cmTC_1323d.dir\Debug\vc142.pdb" /Gd /TC /errorReport:queue  -mlongcalls -Wno-frame-address D:\user\Robin\_APPS\Stem_coach_v2\sample_project\build\CMakeFiles\CMakeTmp\testCCompiler.c
cl : command line error D8021: invalid numeric argument '/Wno-frame-address' [D:\user\Robin\_APPS\Stem_coach_v2\sample_project\build\CMakeFiles\CMakeTmp\cmTC_1323d.vcxproj]



Detecting C compiler ABI info failed to compile with the following output:
Change Dir: D:/user/Robin/_APPS/Stem_coach_v2/sample_project/build/CMakeFiles/CMakeTmp

Run Build Command(s):C:/Program Files (x86)/Microsoft Visual Studio/2019/Community/MSBuild/Current/Bin/MSBuild.exe cmTC_9c119.vcxproj /p:Configuration=Debug /p:Platform=x64 /p:VisualStudioVersion=16.0 /v:m && Microsoft (R) Build Engine version 16.8.2+25e4d540b for .NET Framework
Copyright (C) Microsoft Corporation. All rights reserved.

  Microsoft (R) C/C++ Optimizing Compiler Version 19.28.29334 for x64
  Copyright (C) Microsoft Corporation.  All rights reserved.
  cl /c /W1 /WX- /diagnostics:column /O2 /D _MBCS /D "CMAKE_INTDIR=\"Debug\"" /Gm- /MD /GS /fp:precise /Zc:wchar_t /Zc:forScope /Zc:inline /Fo"cmTC_9c119.dir\Debug\\" /Fd"cmTC_9c119.dir\Debug\vc142.pdb" /Gd /TC /errorReport:queue  -mlongcalls -Wno-frame-address "D:\user\Robin\.espressif\tools\cmake\3.24.0\share\cmake-3.24\Modules\CMakeCCompilerABI.c"
cl : command line error D8021: invalid numeric argument '/Wno-frame-address' [D:\user\Robin\_APPS\Stem_coach_v2\sample_project\build\CMakeFiles\CMakeTmp\cmTC_9c119.vcxproj]




Determining if the C compiler works failed with the following output:
Change Dir: D:/user/Robin/_APPS/Stem_coach_v2/sample_project/build/CMakeFiles/CMakeTmp

Run Build Command(s):C:/Program Files (x86)/Microsoft Visual Studio/2019/Community/MSBuild/Current/Bin/MSBuild.exe cmTC_44bfd.vcxproj /p:Configuration=Debug /p:Platform=x64 /p:VisualStudioVersion=16.0 /v:m && Microsoft (R) Build Engine version 16.8.2+25e4d540b for .NET Framework
Copyright (C) Microsoft Corporation. All rights reserved.

  Microsoft (R) C/C++ Optimizing Compiler Version 19.28.29334 for x64
  Copyright (C) Microsoft Corporation.  All rights reserved.
  cl /c /W1 /WX- /diagnostics:column /O2 /D _MBCS /D "CMAKE_INTDIR=\"Debug\"" /Gm- /MD /GS /fp:precise /Zc:wchar_t /Zc:forScope /Zc:inline /Fo"cmTC_44bfd.dir\Debug\\" /Fd"cmTC_44bfd.dir\Debug\vc142.pdb" /Gd /TC /errorReport:queue  -mlongcalls -Wno-frame-address D:\user\Robin\_APPS\Stem_coach_v2\sample_project\build\CMakeFiles\CMakeTmp\testCCompiler.c
cl : command line error D8021: invalid numeric argument '/Wno-frame-address' [D:\user\Robin\_APPS\Stem_coach_v2\sample_project\build\CMakeFiles\CMakeTmp\cmTC_44bfd.vcxproj]



Detecting C compiler ABI info failed to compile with the following output:
Change Dir: D:/user/Robin/_APPS/Stem_coach_v2/sample_project/build/CMakeFiles/CMakeTmp

Run Build Command(s):C:/Program Files (x86)/Microsoft Visual Studio/2019/Community/MSBuild/Current/Bin/MSBuild.exe cmTC_69e7c.vcxproj /p:Configuration=Debug /p:Platform=x64 /p:VisualStudioVersion=16.0 /v:m && Microsoft (R) Build Engine version 16.8.2+25e4d540b for .NET Framework
Copyright (C) Microsoft Corporation. All rights reserved.

  Microsoft (R) C/C++ Optimizing Compiler Version 19.28.29334 for x64
  Copyright (C) Microsoft Corporation.  All rights reserved.
  cl /c /W1 /WX- /diagnostics:column /O2 /D _MBCS /D "CMAKE_INTDIR=\"Debug\"" /Gm- /MD /GS /fp:precise /Zc:wchar_t /Zc:forScope /Zc:inline /Fo"cmTC_69e7c.dir\Debug\\" /Fd"cmTC_69e7c.dir\Debug\vc142.pdb" /Gd /TC /errorReport:queue  -mlongcalls -Wno-frame-address "D:\user\Robin\.espressif\tools\cmake\3.24.0\share\cmake-3.24\Modules\CMakeCCompilerABI.c"
cl : command line error D8021: invalid numeric argument '/Wno-frame-address' [D:\user\Robin\_APPS\Stem_coach_v2\sample_project\build\CMakeFiles\CMakeTmp\cmTC_69e7c.vcxproj]




Determining if the C compiler works failed with the following output:
Change Dir: D:/user/Robin/_APPS/Stem_coach_v2/sample_project/build/CMakeFiles/CMakeTmp

Run Build Command(s):C:/Program Files (x86)/Microsoft Visual Studio/2019/Community/MSBuild/Current/Bin/MSBuild.exe cmTC_2509b.vcxproj /p:Configuration=Debug /p:Platform=x64 /p:VisualStudioVersion=16.0 /v:m && Microsoft (R) Build Engine version 16.8.2+25e4d540b for .NET Framework
Copyright (C) Microsoft Corporation. All rights reserved.

  Microsoft (R) C/C++ Optimizing Compiler Version 19.28.29334 for x64
  Copyright (C) Microsoft Corporation.  All rights reserved.
  cl /c /W1 /WX- /diagnostics:column /O2 /D _MBCS /D "CMAKE_INTDIR=\"Debug\"" /Gm- /MD /GS /fp:precise /Zc:wchar_t /Zc:forScope /Zc:inline /Fo"cmTC_2509b.dir\Debug\\" /Fd"cmTC_2509b.dir\Debug\vc142.pdb" /Gd /TC /errorReport:queue  -mlongcalls -Wno-frame-address D:\user\Robin\_APPS\Stem_coach_v2\sample_project\build\CMakeFiles\CMakeTmp\testCCompiler.c
cl : command line error D8021: invalid numeric argument '/Wno-frame-address' [D:\user\Robin\_APPS\Stem_coach_v2\sample_project\build\CMakeFiles\CMakeTmp\cmTC_2509b.vcxproj]



Compiling the C compiler identification source file "CMakeCCompilerId.c" failed.
Compiler: D:/user/Robin/.espressif/tools/xtensa-esp32-elf/esp-12.2.0_20230208/xtensa-esp32-elf/bin/xtensa-esp32-elf-gcc.exe 
Build flags: -mlongcalls;-Wno-frame-address;
Id flags:  

The output was:
1
CMakeCCompilerId.c:837:1: fatal error: error closing C:\Users\Robin\AppData\Local\Temp\ccbie7vF.s: No space left on device
  837 | }
      | ^
compilation terminated.


Compiling the C compiler identification source file "CMakeCCompilerId.c" failed.
Compiler: D:/user/Robin/.espressif/tools/xtensa-esp32-elf/esp-12.2.0_20230208/xtensa-esp32-elf/bin/xtensa-esp32-elf-gcc.exe 
Build flags: -mlongcalls;-Wno-frame-address;
Id flags: -c 

The output was:
1
CMakeCCompilerId.c:837:1: fatal error: error closing C:\Users\Robin\AppData\Local\Temp\ccPawqXN.s: No space left on device
  837 | }
      | ^
compilation terminated.


Compiling the C compiler identification source file "CMakeCCompilerId.c" failed.
Compiler: D:/user/Robin/.espressif/tools/xtensa-esp32-elf/esp-12.2.0_20230208/xtensa-esp32-elf/bin/xtensa-esp32-elf-gcc.exe 
Build flags: -mlongcalls;-Wno-frame-address;
Id flags: -Aa 

The output was:
1
<command-line>: error: missing '(' after predicate


Compiling the C compiler identification source file "CMakeCCompilerId.c" failed.
Compiler: D:/user/Robin/.espressif/tools/xtensa-esp32-elf/esp-12.2.0_20230208/xtensa-esp32-elf/bin/xtensa-esp32-elf-gcc.exe 
Build flags: -mlongcalls;-Wno-frame-address;
Id flags: -D__CLASSIC_C__ 

The output was:
1
CMakeCCompilerId.c:837:1: fatal error: error closing C:\Users\Robin\AppData\Local\Temp\ccXikWqV.s: No space left on device
  837 | }
      | ^
compilation terminated.


Compiling the C compiler identification source file "CMakeCCompilerId.c" failed.
Compiler: D:/user/Robin/.espressif/tools/xtensa-esp32-elf/esp-12.2.0_20230208/xtensa-esp32-elf/bin/xtensa-esp32-elf-gcc.exe 
Build flags: -mlongcalls;-Wno-frame-address;
Id flags: --target=arm-arm-none-eabi;-mcpu=cortex-m3 

The output was:
1
xtensa-esp32-elf-gcc.exe: error: unrecognized command-line option '--target=arm-arm-none-eabi'
xtensa-esp32-elf-gcc.exe: error: unrecognized command-line option '-mcpu=cortex-m3'


Compiling the C compiler identification source file "CMakeCCompilerId.c" failed.
Compiler: D:/user/Robin/.espressif/tools/xtensa-esp32-elf/esp-12.2.0_20230208/xtensa-esp32-elf/bin/xtensa-esp32-elf-gcc.exe 
Build flags: -mlongcalls;-Wno-frame-address;
Id flags: -c;-I__does_not_exist__ 

The output was:
1
CMakeCCompilerId.c:837:1: fatal error: error closing C:\Users\Robin\AppData\Local\Temp\cctpxT77.s: No space left on device
  837 | }
      | ^
compilation terminated.


Compiling the C compiler identification source file "CMakeCCompilerId.c" failed.
Compiler: D:/user/Robin/.espressif/tools/xtensa-esp32-elf/esp-12.2.0_20230208/xtensa-esp32-elf/bin/xtensa-esp32-elf-gcc.exe 
Build flags: 
Id flags:  

The output was:
1
CMakeCCompilerId.c:837:1: fatal error: error closing C:\Users\Robin\AppData\Local\Temp\ccjO1FYe.s: No space left on device
  837 | }
      | ^
compilation terminated.


Compiling the C compiler identification source file "CMakeCCompilerId.c" failed.
Compiler: D:/user/Robin/.espressif/tools/xtensa-esp32-elf/esp-12.2.0_20230208/xtensa-esp32-elf/bin/xtensa-esp32-elf-gcc.exe 
Build flags: 
Id flags: -c 

The output was:
1
CMakeCCompilerId.c:837:1: fatal error: error closing C:\Users\Robin\AppData\Local\Temp\ccmp9nAa.s: No space left on device
  837 | }
      | ^
compilation terminated.


Compiling the C compiler identification source file "CMakeCCompilerId.c" failed.
Compiler: D:/user/Robin/.espressif/tools/xtensa-esp32-elf/esp-12.2.0_20230208/xtensa-esp32-elf/bin/xtensa-esp32-elf-gcc.exe 
Build flags: 
Id flags: -Aa 

The output was:
1
<command-line>: error: missing '(' after predicate


Compiling the C compiler identification source file "CMakeCCompilerId.c" failed.
Compiler: D:/user/Robin/.espressif/tools/xtensa-esp32-elf/esp-12.2.0_20230208/xtensa-esp32-elf/bin/xtensa-esp32-elf-gcc.exe 
Build flags: 
Id flags: -D__CLASSIC_C__ 

The output was:
1
CMakeCCompilerId.c:837:1: fatal error: error closing C:\Users\Robin\AppData\Local\Temp\ccUswNen.s: No space left on device
  837 | }
      | ^
compilation terminated.


Compiling the C compiler identification source file "CMakeCCompilerId.c" failed.
Compiler: D:/user/Robin/.espressif/tools/xtensa-esp32-elf/esp-12.2.0_20230208/xtensa-esp32-elf/bin/xtensa-esp32-elf-gcc.exe 
Build flags: 
Id flags: --target=arm-arm-none-eabi;-mcpu=cortex-m3 

The output was:
1
xtensa-esp32-elf-gcc.exe: error: unrecognized command-line option '--target=arm-arm-none-eabi'
xtensa-esp32-elf-gcc.exe: error: unrecognized command-line option '-mcpu=cortex-m3'


Compiling the C compiler identification source file "CMakeCCompilerId.c" failed.
Compiler: D:/user/Robin/.espressif/tools/xtensa-esp32-elf/esp-12.2.0_20230208/xtensa-esp32-elf/bin/xtensa-esp32-elf-gcc.exe 
Build flags: 
Id flags: -c;-I__does_not_exist__ 

The output was:
1
CMakeCCompilerId.c:837:1: fatal error: error closing C:\Users\Robin\AppData\Local\Temp\cc4pYjVv.s: No space left on device
  837 | }
      | ^
compilation terminated.


Checking whether the C compiler is IAR using "" did not match "IAR .+ Compiler":
xtensa-esp32-elf-gcc.exe: fatal error: no input files
compilation terminated.
Checking whether the C compiler is IAR using "" did not match "IAR .+ Compiler":
xtensa-esp32-elf-gcc.exe: fatal error: no input files
compilation terminated.
Compiling the CXX compiler identification source file "CMakeCXXCompilerId.cpp" failed.
Compiler: D:/user/Robin/.espressif/tools/xtensa-esp32-elf/esp-12.2.0_20230208/xtensa-esp32-elf/bin/xtensa-esp32-elf-g++.exe 
Build flags: -mlongcalls;-Wno-frame-address;
Id flags:  

The output was:
1
CMakeCXXCompilerId.cpp:826:1: fatal error: error closing C:\Users\Robin\AppData\Local\Temp\cc4TIbSO.s: No space left on device
  826 | }
      | ^
compilation terminated.


Compiling the CXX compiler identification source file "CMakeCXXCompilerId.cpp" failed.
Compiler: D:/user/Robin/.espressif/tools/xtensa-esp32-elf/esp-12.2.0_20230208/xtensa-esp32-elf/bin/xtensa-esp32-elf-g++.exe 
Build flags: -mlongcalls;-Wno-frame-address;
Id flags: -c 

The output was:
1
CMakeCXXCompilerId.cpp:826:1: fatal error: error closing C:\Users\Robin\AppData\Local\Temp\ccG1Uc7W.s: No space left on device
  826 | }
      | ^
compilation terminated.


Compiling the CXX compiler identification source file "CMakeCXXCompilerId.cpp" failed.
Compiler: D:/user/Robin/.espressif/tools/xtensa-esp32-elf/esp-12.2.0_20230208/xtensa-esp32-elf/bin/xtensa-esp32-elf-g++.exe 
Build flags: -mlongcalls;-Wno-frame-address;
Id flags: --c++ 

The output was:
1
xtensa-esp32-elf-g++.exe: error: unrecognized command-line option '--c++'


Compiling the CXX compiler identification source file "CMakeCXXCompilerId.cpp" failed.
Compiler: D:/user/Robin/.espressif/tools/xtensa-esp32-elf/esp-12.2.0_20230208/xtensa-esp32-elf/bin/xtensa-esp32-elf-g++.exe 
Build flags: -mlongcalls;-Wno-frame-address;
Id flags: --ec++ 

The output was:
1
xtensa-esp32-elf-g++.exe: error: unrecognized command-line option '--ec++'; did you mean '-Weffc++'?


Compiling the CXX compiler identification source file "CMakeCXXCompilerId.cpp" failed.
Compiler: D:/user/Robin/.espressif/tools/xtensa-esp32-elf/esp-12.2.0_20230208/xtensa-esp32-elf/bin/xtensa-esp32-elf-g++.exe 
Build flags: -mlongcalls;-Wno-frame-address;
Id flags: --target=arm-arm-none-eabi;-mcpu=cortex-m3 

The output was:
1
xtensa-esp32-elf-g++.exe: error: unrecognized command-line option '--target=arm-arm-none-eabi'
xtensa-esp32-elf-g++.exe: error: unrecognized command-line option '-mcpu=cortex-m3'


Compiling the CXX compiler identification source file "CMakeCXXCompilerId.cpp" failed.
Compiler: D:/user/Robin/.espressif/tools/xtensa-esp32-elf/esp-12.2.0_20230208/xtensa-esp32-elf/bin/xtensa-esp32-elf-g++.exe 
Build flags: -mlongcalls;-Wno-frame-address;
Id flags: -c;-I__does_not_exist__ 

The output was:
1
CMakeCXXCompilerId.cpp:826:1: fatal error: error closing C:\Users\Robin\AppData\Local\Temp\ccuTPtn9.s: No space left on device
  826 | }
      | ^
compilation terminated.


Compiling the CXX compiler identification source file "CMakeCXXCompilerId.cpp" failed.
Compiler: D:/user/Robin/.espressif/tools/xtensa-esp32-elf/esp-12.2.0_20230208/xtensa-esp32-elf/bin/xtensa-esp32-elf-g++.exe 
Build flags: 
Id flags:  

The output was:
1
CMakeCXXCompilerId.cpp:826:1: fatal error: error closing C:\Users\Robin\AppData\Local\Temp\ccexjEbg.s: No space left on device
  826 | }
      | ^
compilation terminated.


Compiling the CXX compiler identification source file "CMakeCXXCompilerId.cpp" failed.
Compiler: D:/user/Robin/.espressif/tools/xtensa-esp32-elf/esp-12.2.0_20230208/xtensa-esp32-elf/bin/xtensa-esp32-elf-g++.exe 
Build flags: 
Id flags: -c 

The output was:
1
CMakeCXXCompilerId.cpp:826:1: fatal error: error closing C:\Users\Robin\AppData\Local\Temp\ccxWPERe.s: No space left on device
  826 | }
      | ^
compilation terminated.


Compiling the CXX compiler identification source file "CMakeCXXCompilerId.cpp" failed.
Compiler: D:/user/Robin/.espressif/tools/xtensa-esp32-elf/esp-12.2.0_20230208/xtensa-esp32-elf/bin/xtensa-esp32-elf-g++.exe 
Build flags: 
Id flags: --c++ 

The output was:
1
xtensa-esp32-elf-g++.exe: error: unrecognized command-line option '--c++'


Compiling the CXX compiler identification source file "CMakeCXXCompilerId.cpp" failed.
Compiler: D:/user/Robin/.espressif/tools/xtensa-esp32-elf/esp-12.2.0_20230208/xtensa-esp32-elf/bin/xtensa-esp32-elf-g++.exe 
Build flags: 
Id flags: --ec++ 

The output was:
1
xtensa-esp32-elf-g++.exe: error: unrecognized command-line option '--ec++'; did you mean '-Weffc++'?


Compiling the CXX compiler identification source file "CMakeCXXCompilerId.cpp" failed.
Compiler: D:/user/Robin/.espressif/tools/xtensa-esp32-elf/esp-12.2.0_20230208/xtensa-esp32-elf/bin/xtensa-esp32-elf-g++.exe 
Build flags: 
Id flags: --target=arm-arm-none-eabi;-mcpu=cortex-m3 

The output was:
1
xtensa-esp32-elf-g++.exe: error: unrecognized command-line option '--target=arm-arm-none-eabi'
xtensa-esp32-elf-g++.exe: error: unrecognized command-line option '-mcpu=cortex-m3'


Compiling the CXX compiler identification source file "CMakeCXXCompilerId.cpp" failed.
Compiler: D:/user/Robin/.espressif/tools/xtensa-esp32-elf/esp-12.2.0_20230208/xtensa-esp32-elf/bin/xtensa-esp32-elf-g++.exe 
Build flags: 
Id flags: -c;-I__does_not_exist__ 

The output was:
1
CMakeCXXCompilerId.cpp:826:1: fatal error: error closing C:\Users\Robin\AppData\Local\Temp\cctCHCXw.s: No space left on device
  826 | }
      | ^
compilation terminated.


Checking whether the CXX compiler is IAR using "" did not match "IAR .+ Compiler":
xtensa-esp32-elf-g++.exe: fatal error: no input files
compilation terminated.
Checking whether the CXX compiler is IAR using "" did not match "IAR .+ Compiler":
xtensa-esp32-elf-g++.exe: fatal error: no input files
compilation terminated.
Detecting C compiler ABI info failed to compile with the following output:
Change Dir: D:/user/Robin/_APPS/Stem_coach_v2/sample_project/build/CMakeFiles/CMakeTmp

Run Build Command(s):D:/user/Robin/.espressif/tools/ninja/1.10.2/ninja.exe cmTC_92f95 && [1/2] Building C object CMakeFiles\cmTC_92f95.dir\CMakeCCompilerABI.c.obj
FAILED: CMakeFiles/cmTC_92f95.dir/CMakeCCompilerABI.c.obj 
D:\user\Robin\.espressif\tools\xtensa-esp32-elf\esp-12.2.0_20230208\xtensa-esp32-elf\bin\xtensa-esp32-elf-gcc.exe   -mlongcalls -Wno-frame-address -o CMakeFiles\cmTC_92f95.dir\CMakeCCompilerABI.c.obj -c D:\user\Robin\.espressif\tools\cmake\3.24.0\share\cmake-3.24\Modules\CMakeCCompilerABI.c
D:\user\Robin\.espressif\tools\cmake\3.24.0\share\cmake-3.24\Modules\CMakeCCompilerABI.c:27:1: fatal error: error closing C:\Users\Robin\AppData\Local\Temp\cc7ednP7.s: No space left on device
   27 | }
      | ^
compilation terminated.
ninja: build stopped: subcommand failed.




Detecting CXX compiler ABI info failed to compile with the following output:
Change Dir: D:/user/Robin/_APPS/Stem_coach_v2/sample_project/build/CMakeFiles/CMakeTmp

Run Build Command(s):D:/user/Robin/.espressif/tools/ninja/1.10.2/ninja.exe cmTC_3e3e0 && [1/2] Building CXX object CMakeFiles\cmTC_3e3e0.dir\CMakeCXXCompilerABI.cpp.obj
FAILED: CMakeFiles/cmTC_3e3e0.dir/CMakeCXXCompilerABI.cpp.obj 
D:\user\Robin\.espressif\tools\xtensa-esp32-elf\esp-12.2.0_20230208\xtensa-esp32-elf\bin\xtensa-esp32-elf-g++.exe   -mlongcalls -Wno-frame-address -o CMakeFiles\cmTC_3e3e0.dir\CMakeCXXCompilerABI.cpp.obj -c D:\user\Robin\.espressif\tools\cmake\3.24.0\share\cmake-3.24\Modules\CMakeCXXCompilerABI.cpp
D:\user\Robin\.espressif\tools\cmake\3.24.0\share\cmake-3.24\Modules\CMakeCXXCompilerABI.cpp:18:1: fatal error: error closing C:\Users\Robin\AppData\Local\Temp\ccCub4BI.s: No space left on device
   18 | }
      | ^
compilation terminated.
ninja: build stopped: subcommand failed.




Detecting C compiler ABI info failed to compile with the following output:
Change Dir: D:/user/Robin/_APPS/Stem_coach_v2/sample_project/build/CMakeFiles/CMakeTmp

Run Build Command(s):C:/Program Files (x86)/Microsoft Visual Studio/2019/Community/MSBuild/Current/Bin/MSBuild.exe cmTC_19568.vcxproj /p:Configuration=Debug /p:Platform=x64 /p:VisualStudioVersion=16.0 /v:m && Microsoft (R) Build Engine version 16.8.2+25e4d540b for .NET Framework
Copyright (C) Microsoft Corporation. All rights reserved.

  Microsoft (R) C/C++ Optimizing Compiler Version 19.28.29334 for x64
  Copyright (C) Microsoft Corporation.  All rights reserved.
  cl /c /W1 /WX- /diagnostics:column /O2 /D _MBCS /D "CMAKE_INTDIR=\"Debug\"" /Gm- /MD /GS /fp:precise /Zc:wchar_t /Zc:forScope /Zc:inline /Fo"cmTC_19568.dir\Debug\\" /Fd"cmTC_19568.dir\Debug\vc142.pdb" /Gd /TC /errorReport:queue  -mlongcalls -Wno-frame-address "D:\user\Robin\.espressif\tools\cmake\3.24.0\share\cmake-3.24\Modules\CMakeCCompilerABI.c"
cl : command line error D8021: invalid numeric argument '/Wno-frame-address' [D:\user\Robin\_APPS\Stem_coach_v2\sample_project\build\CMakeFiles\CMakeTmp\cmTC_19568.vcxproj]




Determining if the C compiler works failed with the following output:
Change Dir: D:/user/Robin/_APPS/Stem_coach_v2/sample_project/build/CMakeFiles/CMakeTmp

Run Build Command(s):C:/Program Files (x86)/Microsoft Visual Studio/2019/Community/MSBuild/Current/Bin/MSBuild.exe cmTC_856df.vcxproj /p:Configuration=Debug /p:Platform=x64 /p:VisualStudioVersion=16.0 /v:m && Microsoft (R) Build Engine version 16.8.2+25e4d540b for .NET Framework
Copyright (C) Microsoft Corporation. All rights reserved.

  Microsoft (R) C/C++ Optimizing Compiler Version 19.28.29334 for x64
  Copyright (C) Microsoft Corporation.  All rights reserved.
  cl /c /W1 /WX- /diagnostics:column /O2 /D _MBCS /D "CMAKE_INTDIR=\"Debug\"" /Gm- /MD /GS /fp:precise /Zc:wchar_t /Zc:forScope /Zc:inline /Fo"cmTC_856df.dir\Debug\\" /Fd"cmTC_856df.dir\Debug\vc142.pdb" /Gd /TC /errorReport:queue  -mlongcalls -Wno-frame-address D:\user\Robin\_APPS\Stem_coach_v2\sample_project\build\CMakeFiles\CMakeTmp\testCCompiler.c
cl : command line error D8021: invalid numeric argument '/Wno-frame-address' [D:\user\Robin\_APPS\Stem_coach_v2\sample_project\build\CMakeFiles\CMakeTmp\cmTC_856df.vcxproj]



Detecting C compiler ABI info failed to compile with the following output:
Change Dir: D:/user/Robin/_APPS/Stem_coach_v2/sample_project/build/CMakeFiles/CMakeTmp

Run Build Command(s):C:/Program Files (x86)/Microsoft Visual Studio/2019/Community/MSBuild/Current/Bin/MSBuild.exe cmTC_bebb3.vcxproj /p:Configuration=Debug /p:Platform=x64 /p:VisualStudioVersion=16.0 /v:m && Microsoft (R) Build Engine version 16.8.2+25e4d540b for .NET Framework
Copyright (C) Microsoft Corporation. All rights reserved.

  Microsoft (R) C/C++ Optimizing Compiler Version 19.28.29334 for x64
  Copyright (C) Microsoft Corporation.  All rights reserved.
  cl /c /W1 /WX- /diagnostics:column /O2 /D _MBCS /D "CMAKE_INTDIR=\"Debug\"" /Gm- /MD /GS /fp:precise /Zc:wchar_t /Zc:forScope /Zc:inline /Fo"cmTC_bebb3.dir\Debug\\" /Fd"cmTC_bebb3.dir\Debug\vc142.pdb" /Gd /TC /errorReport:queue  -mlongcalls -Wno-frame-address "D:\user\Robin\.espressif\tools\cmake\3.24.0\share\cmake-3.24\Modules\CMakeCCompilerABI.c"
cl : command line error D8021: invalid numeric argument '/Wno-frame-address' [D:\user\Robin\_APPS\Stem_coach_v2\sample_project\build\CMakeFiles\CMakeTmp\cmTC_bebb3.vcxproj]




Determining if the C compiler works failed with the following output:
Change Dir: D:/user/Robin/_APPS/Stem_coach_v2/sample_project/build/CMakeFiles/CMakeTmp

Run Build Command(s):C:/Program Files (x86)/Microsoft Visual Studio/2019/Community/MSBuild/Current/Bin/MSBuild.exe cmTC_a1268.vcxproj /p:Configuration=Debug /p:Platform=x64 /p:VisualStudioVersion=16.0 /v:m && Microsoft (R) Build Engine version 16.8.2+25e4d540b for .NET Framework
Copyright (C) Microsoft Corporation. All rights reserved.

  Microsoft (R) C/C++ Optimizing Compiler Version 19.28.29334 for x64
  Copyright (C) Microsoft Corporation.  All rights reserved.
  cl /c /W1 /WX- /diagnostics:column /O2 /D _MBCS /D "CMAKE_INTDIR=\"Debug\"" /Gm- /MD /GS /fp:precise /Zc:wchar_t /Zc:forScope /Zc:inline /Fo"cmTC_a1268.dir\Debug\\" /Fd"cmTC_a1268.dir\Debug\vc142.pdb" /Gd /TC /errorReport:queue  -mlongcalls -Wno-frame-address D:\user\Robin\_APPS\Stem_coach_v2\sample_project\build\CMakeFiles\CMakeTmp\testCCompiler.c
cl : command line error D8021: invalid numeric argument '/Wno-frame-address' [D:\user\Robin\_APPS\Stem_coach_v2\sample_project\build\CMakeFiles\CMakeTmp\cmTC_a1268.vcxproj]



Detecting C compiler ABI info failed to compile with the following output:
Change Dir: D:/user/Robin/_APPS/Stem_coach_v2/sample_project/build/CMakeFiles/CMakeTmp

Run Build Command(s):C:/Program Files (x86)/Microsoft Visual Studio/2019/Community/MSBuild/Current/Bin/MSBuild.exe cmTC_fec42.vcxproj /p:Configuration=Debug /p:Platform=x64 /p:VisualStudioVersion=16.0 /v:m && Microsoft (R) Build Engine version 16.8.2+25e4d540b for .NET Framework
Copyright (C) Microsoft Corporation. All rights reserved.

  Microsoft (R) C/C++ Optimizing Compiler Version 19.28.29334 for x64
  Copyright (C) Microsoft Corporation.  All rights reserved.
  cl /c /W1 /WX- /diagnostics:column /O2 /D _MBCS /D "CMAKE_INTDIR=\"Debug\"" /Gm- /MD /GS /fp:precise /Zc:wchar_t /Zc:forScope /Zc:inline /Fo"cmTC_fec42.dir\Debug\\" /Fd"cmTC_fec42.dir\Debug\vc142.pdb" /Gd /TC /errorReport:queue  -mlongcalls -Wno-frame-address "D:\user\Robin\.espressif\tools\cmake\3.24.0\share\cmake-3.24\Modules\CMakeCCompilerABI.c"
cl : command line error D8021: invalid numeric argument '/Wno-frame-address' [D:\user\Robin\_APPS\Stem_coach_v2\sample_project\build\CMakeFiles\CMakeTmp\cmTC_fec42.vcxproj]




Determining if the C compiler works failed with the following output:
Change Dir: D:/user/Robin/_APPS/Stem_coach_v2/sample_project/build/CMakeFiles/CMakeTmp

Run Build Command(s):C:/Program Files (x86)/Microsoft Visual Studio/2019/Community/MSBuild/Current/Bin/MSBuild.exe cmTC_5a329.vcxproj /p:Configuration=Debug /p:Platform=x64 /p:VisualStudioVersion=16.0 /v:m && Microsoft (R) Build Engine version 16.8.2+25e4d540b for .NET Framework
Copyright (C) Microsoft Corporation. All rights reserved.

  Microsoft (R) C/C++ Optimizing Compiler Version 19.28.29334 for x64
  Copyright (C) Microsoft Corporation.  All rights reserved.
  cl /c /W1 /WX- /diagnostics:column /O2 /D _MBCS /D "CMAKE_INTDIR=\"Debug\"" /Gm- /MD /GS /fp:precise /Zc:wchar_t /Zc:forScope /Zc:inline /Fo"cmTC_5a329.dir\Debug\\" /Fd"cmTC_5a329.dir\Debug\vc142.pdb" /Gd /TC /errorReport:queue  -mlongcalls -Wno-frame-address D:\user\Robin\_APPS\Stem_coach_v2\sample_project\build\CMakeFiles\CMakeTmp\testCCompiler.c
cl : command line error D8021: invalid numeric argument '/Wno-frame-address' [D:\user\Robin\_APPS\Stem_coach_v2\sample_project\build\CMakeFiles\CMakeTmp\cmTC_5a329.vcxproj]



